
*** Running vivado
    with args -log dmx_leds.vds -m64 -product Vivado -mode batch -messageDb vivado.pb -notrace -source dmx_leds.tcl


****** Vivado v2022.1 (64-bit)
  **** SW Build 3526262 on Mon Apr 18 15:47:01 MDT 2022
  **** IP Build 3524634 on Mon Apr 18 20:55:01 MDT 2022
    ** Copyright 1986-2022 Xilinx, Inc. All Rights Reserved.

Sourcing tcl script '/nfs/opt/eda/tools/amd/vitis-2022.1/Vivado/2022.1/scripts/Vivado_init.tcl'
ESIEE Paris custom init
(/nfs/opt/eda/tools/amd/vitis-2022.1/Vivado/2022.1/scripts/Vivado_init.tcl)
(others ESIEE custom config in : ~/.Xilinx/Vivado/2022.1/vivado.ini)
 * Checking LANG, result should be en_US.UTF-8 : result=en_US.UTF-8
 * Raising 'multi-driven net on pin' (critical warning) severity to error
source dmx_leds.tcl -notrace
WARNING: [Common 17-1361] You have specified a new message control rule that is equivalent to an existing rule with attributes ' -id {Synth 8-6859}  -new_severity {ERROR} '. The existing rule will be replaced.
create_project: Time (s): cpu = 00:00:04 ; elapsed = 00:00:07 . Memory (MB): peak = 2590.910 ; gain = 0.023 ; free physical = 7647 ; free virtual = 20727
Command: read_checkpoint -auto_incremental -incremental /user/didouha/homedir/E3/S2/P3/EL-3013/dmx_leds/impl/project_1/project_1.srcs/utils_1/imports/synth_1/dmx_leds.dcp
INFO: [Vivado 12-5825] Read reference checkpoint from /user/didouha/homedir/E3/S2/P3/EL-3013/dmx_leds/impl/project_1/project_1.srcs/utils_1/imports/synth_1/dmx_leds.dcp for incremental synthesis
INFO: [Vivado 12-7989] Please ensure there are no constraint changes
Command: synth_design -top dmx_leds -part xc7a35tcpg236-1
Starting synth_design
Attempting to get a license for feature 'Synthesis' and/or device 'xc7a35t'
INFO: [Common 17-349] Got license for feature 'Synthesis' and/or device 'xc7a35t'
INFO: [Device 21-403] Loading part xc7a35tcpg236-1
INFO: [Designutils 20-5440] No compile time benefit to using incremental synthesis; A full resynthesis will be run
INFO: [Designutils 20-4379] Flow is switching to default flow due to incremental criteria not met. If you would like to alter this behaviour and have the flow terminate instead, please set the following parameter config_implementation {autoIncr.Synth.RejectBehavior Terminate}
INFO: [Synth 8-7079] Multithreading enabled for synth_design using a maximum of 4 processes.
INFO: [Synth 8-7078] Launching helper process for spawning children vivado processes
INFO: [Synth 8-7075] Helper process launched with PID 25504
---------------------------------------------------------------------------------
Starting RTL Elaboration : Time (s): cpu = 00:00:03 ; elapsed = 00:00:03 . Memory (MB): peak = 2591.117 ; gain = 0.000 ; free physical = 5747 ; free virtual = 18826
---------------------------------------------------------------------------------
INFO: [Synth 8-638] synthesizing module 'dmx_leds' [/user/didouha/homedir/E3/S2/P3/EL-3013/dmx_leds/rtl/dmx_leds.vhd:30]
INFO: [Synth 8-638] synthesizing module 'chenillard' [/user/didouha/homedir/E3/S2/P3/EL-3013/dmx_leds/rtl/chenillard.vhd:25]
	Parameter f_clk bound to: 100000000.000000 - type: double 
	Parameter canal_leds bound to: 13 - type: integer 
	Parameter T_c bound to: 1.000000 - type: double 
INFO: [Synth 8-256] done synthesizing module 'chenillard' (0#1) [/user/didouha/homedir/E3/S2/P3/EL-3013/dmx_leds/rtl/chenillard.vhd:25]
INFO: [Synth 8-638] synthesizing module 'uart_tx' [/user/didouha/homedir/E3/S2/P3/EL-3013/dmx_leds/rtl/uart_tx.vhd:22]
	Parameter f_clk bound to: 100000000.000000 - type: double 
	Parameter f_baud bound to: 250000.000000 - type: double 
	Parameter N bound to: 8 - type: integer 
INFO: [Synth 8-256] done synthesizing module 'uart_tx' (0#1) [/user/didouha/homedir/E3/S2/P3/EL-3013/dmx_leds/rtl/uart_tx.vhd:22]
WARNING: [Synth 8-614] signal 'btnu' is read in the process but is not in the sensitivity list [/user/didouha/homedir/E3/S2/P3/EL-3013/dmx_leds/rtl/dmx_leds.vhd:173]
INFO: [Synth 8-256] done synthesizing module 'dmx_leds' (0#1) [/user/didouha/homedir/E3/S2/P3/EL-3013/dmx_leds/rtl/dmx_leds.vhd:30]
WARNING: [Synth 8-3917] design dmx_leds has port set1 driven by constant 1
WARNING: [Synth 8-7129] Port rx in module dmx_leds is either unconnected or has no load
---------------------------------------------------------------------------------
Finished RTL Elaboration : Time (s): cpu = 00:00:04 ; elapsed = 00:00:06 . Memory (MB): peak = 2591.117 ; gain = 0.000 ; free physical = 6736 ; free virtual = 19815
---------------------------------------------------------------------------------
---------------------------------------------------------------------------------
Start Handling Custom Attributes
---------------------------------------------------------------------------------
---------------------------------------------------------------------------------
Finished Handling Custom Attributes : Time (s): cpu = 00:00:04 ; elapsed = 00:00:06 . Memory (MB): peak = 2591.117 ; gain = 0.000 ; free physical = 6735 ; free virtual = 19814
---------------------------------------------------------------------------------
---------------------------------------------------------------------------------
Finished RTL Optimization Phase 1 : Time (s): cpu = 00:00:04 ; elapsed = 00:00:06 . Memory (MB): peak = 2591.117 ; gain = 0.000 ; free physical = 6735 ; free virtual = 19814
---------------------------------------------------------------------------------
Netlist sorting complete. Time (s): cpu = 00:00:00 ; elapsed = 00:00:00.01 . Memory (MB): peak = 2591.117 ; gain = 0.000 ; free physical = 6728 ; free virtual = 19807
INFO: [Project 1-570] Preparing netlist for logic optimization

Processing XDC Constraints
Initializing timing engine
Parsing XDC File [/user/didouha/homedir/E3/S2/P3/EL-3013/dmx_leds/impl/basys3.xdc]
WARNING: [Vivado 12-584] No ports matched 'sw[0]'. [/user/didouha/homedir/E3/S2/P3/EL-3013/dmx_leds/impl/basys3.xdc:16]
CRITICAL WARNING: [Common 17-55] 'set_property' expects at least one object. [/user/didouha/homedir/E3/S2/P3/EL-3013/dmx_leds/impl/basys3.xdc:16]
Resolution: If [get_<value>] was used to populate the object, check to make sure this command returns at least one valid object.
WARNING: [Vivado 12-584] No ports matched 'sw[0]'. [/user/didouha/homedir/E3/S2/P3/EL-3013/dmx_leds/impl/basys3.xdc:17]
CRITICAL WARNING: [Common 17-55] 'set_property' expects at least one object. [/user/didouha/homedir/E3/S2/P3/EL-3013/dmx_leds/impl/basys3.xdc:17]
Resolution: If [get_<value>] was used to populate the object, check to make sure this command returns at least one valid object.
WARNING: [Vivado 12-584] No ports matched 'sw[1]'. [/user/didouha/homedir/E3/S2/P3/EL-3013/dmx_leds/impl/basys3.xdc:18]
CRITICAL WARNING: [Common 17-55] 'set_property' expects at least one object. [/user/didouha/homedir/E3/S2/P3/EL-3013/dmx_leds/impl/basys3.xdc:18]
Resolution: If [get_<value>] was used to populate the object, check to make sure this command returns at least one valid object.
WARNING: [Vivado 12-584] No ports matched 'sw[1]'. [/user/didouha/homedir/E3/S2/P3/EL-3013/dmx_leds/impl/basys3.xdc:19]
CRITICAL WARNING: [Common 17-55] 'set_property' expects at least one object. [/user/didouha/homedir/E3/S2/P3/EL-3013/dmx_leds/impl/basys3.xdc:19]
Resolution: If [get_<value>] was used to populate the object, check to make sure this command returns at least one valid object.
WARNING: [Vivado 12-584] No ports matched 'sw[2]'. [/user/didouha/homedir/E3/S2/P3/EL-3013/dmx_leds/impl/basys3.xdc:20]
CRITICAL WARNING: [Common 17-55] 'set_property' expects at least one object. [/user/didouha/homedir/E3/S2/P3/EL-3013/dmx_leds/impl/basys3.xdc:20]
Resolution: If [get_<value>] was used to populate the object, check to make sure this command returns at least one valid object.
WARNING: [Vivado 12-584] No ports matched 'sw[2]'. [/user/didouha/homedir/E3/S2/P3/EL-3013/dmx_leds/impl/basys3.xdc:21]
CRITICAL WARNING: [Common 17-55] 'set_property' expects at least one object. [/user/didouha/homedir/E3/S2/P3/EL-3013/dmx_leds/impl/basys3.xdc:21]
Resolution: If [get_<value>] was used to populate the object, check to make sure this command returns at least one valid object.
WARNING: [Vivado 12-584] No ports matched 'sw[3]'. [/user/didouha/homedir/E3/S2/P3/EL-3013/dmx_leds/impl/basys3.xdc:22]
CRITICAL WARNING: [Common 17-55] 'set_property' expects at least one object. [/user/didouha/homedir/E3/S2/P3/EL-3013/dmx_leds/impl/basys3.xdc:22]
Resolution: If [get_<value>] was used to populate the object, check to make sure this command returns at least one valid object.
WARNING: [Vivado 12-584] No ports matched 'sw[3]'. [/user/didouha/homedir/E3/S2/P3/EL-3013/dmx_leds/impl/basys3.xdc:23]
CRITICAL WARNING: [Common 17-55] 'set_property' expects at least one object. [/user/didouha/homedir/E3/S2/P3/EL-3013/dmx_leds/impl/basys3.xdc:23]
Resolution: If [get_<value>] was used to populate the object, check to make sure this command returns at least one valid object.
WARNING: [Vivado 12-584] No ports matched 'sw[4]'. [/user/didouha/homedir/E3/S2/P3/EL-3013/dmx_leds/impl/basys3.xdc:24]
CRITICAL WARNING: [Common 17-55] 'set_property' expects at least one object. [/user/didouha/homedir/E3/S2/P3/EL-3013/dmx_leds/impl/basys3.xdc:24]
Resolution: If [get_<value>] was used to populate the object, check to make sure this command returns at least one valid object.
WARNING: [Vivado 12-584] No ports matched 'sw[4]'. [/user/didouha/homedir/E3/S2/P3/EL-3013/dmx_leds/impl/basys3.xdc:25]
CRITICAL WARNING: [Common 17-55] 'set_property' expects at least one object. [/user/didouha/homedir/E3/S2/P3/EL-3013/dmx_leds/impl/basys3.xdc:25]
Resolution: If [get_<value>] was used to populate the object, check to make sure this command returns at least one valid object.
WARNING: [Vivado 12-584] No ports matched 'sw[5]'. [/user/didouha/homedir/E3/S2/P3/EL-3013/dmx_leds/impl/basys3.xdc:26]
CRITICAL WARNING: [Common 17-55] 'set_property' expects at least one object. [/user/didouha/homedir/E3/S2/P3/EL-3013/dmx_leds/impl/basys3.xdc:26]
Resolution: If [get_<value>] was used to populate the object, check to make sure this command returns at least one valid object.
WARNING: [Vivado 12-584] No ports matched 'sw[5]'. [/user/didouha/homedir/E3/S2/P3/EL-3013/dmx_leds/impl/basys3.xdc:27]
CRITICAL WARNING: [Common 17-55] 'set_property' expects at least one object. [/user/didouha/homedir/E3/S2/P3/EL-3013/dmx_leds/impl/basys3.xdc:27]
Resolution: If [get_<value>] was used to populate the object, check to make sure this command returns at least one valid object.
WARNING: [Vivado 12-584] No ports matched 'sw[6]'. [/user/didouha/homedir/E3/S2/P3/EL-3013/dmx_leds/impl/basys3.xdc:28]
CRITICAL WARNING: [Common 17-55] 'set_property' expects at least one object. [/user/didouha/homedir/E3/S2/P3/EL-3013/dmx_leds/impl/basys3.xdc:28]
Resolution: If [get_<value>] was used to populate the object, check to make sure this command returns at least one valid object.
WARNING: [Vivado 12-584] No ports matched 'sw[6]'. [/user/didouha/homedir/E3/S2/P3/EL-3013/dmx_leds/impl/basys3.xdc:29]
CRITICAL WARNING: [Common 17-55] 'set_property' expects at least one object. [/user/didouha/homedir/E3/S2/P3/EL-3013/dmx_leds/impl/basys3.xdc:29]
Resolution: If [get_<value>] was used to populate the object, check to make sure this command returns at least one valid object.
WARNING: [Vivado 12-584] No ports matched 'sw[7]'. [/user/didouha/homedir/E3/S2/P3/EL-3013/dmx_leds/impl/basys3.xdc:30]
CRITICAL WARNING: [Common 17-55] 'set_property' expects at least one object. [/user/didouha/homedir/E3/S2/P3/EL-3013/dmx_leds/impl/basys3.xdc:30]
Resolution: If [get_<value>] was used to populate the object, check to make sure this command returns at least one valid object.
WARNING: [Vivado 12-584] No ports matched 'sw[7]'. [/user/didouha/homedir/E3/S2/P3/EL-3013/dmx_leds/impl/basys3.xdc:31]
CRITICAL WARNING: [Common 17-55] 'set_property' expects at least one object. [/user/didouha/homedir/E3/S2/P3/EL-3013/dmx_leds/impl/basys3.xdc:31]
Resolution: If [get_<value>] was used to populate the object, check to make sure this command returns at least one valid object.
WARNING: [Vivado 12-584] No ports matched 'sw[8]'. [/user/didouha/homedir/E3/S2/P3/EL-3013/dmx_leds/impl/basys3.xdc:32]
CRITICAL WARNING: [Common 17-55] 'set_property' expects at least one object. [/user/didouha/homedir/E3/S2/P3/EL-3013/dmx_leds/impl/basys3.xdc:32]
Resolution: If [get_<value>] was used to populate the object, check to make sure this command returns at least one valid object.
WARNING: [Vivado 12-584] No ports matched 'sw[8]'. [/user/didouha/homedir/E3/S2/P3/EL-3013/dmx_leds/impl/basys3.xdc:33]
CRITICAL WARNING: [Common 17-55] 'set_property' expects at least one object. [/user/didouha/homedir/E3/S2/P3/EL-3013/dmx_leds/impl/basys3.xdc:33]
Resolution: If [get_<value>] was used to populate the object, check to make sure this command returns at least one valid object.
WARNING: [Vivado 12-584] No ports matched 'sw[9]'. [/user/didouha/homedir/E3/S2/P3/EL-3013/dmx_leds/impl/basys3.xdc:34]
CRITICAL WARNING: [Common 17-55] 'set_property' expects at least one object. [/user/didouha/homedir/E3/S2/P3/EL-3013/dmx_leds/impl/basys3.xdc:34]
Resolution: If [get_<value>] was used to populate the object, check to make sure this command returns at least one valid object.
WARNING: [Vivado 12-584] No ports matched 'sw[9]'. [/user/didouha/homedir/E3/S2/P3/EL-3013/dmx_leds/impl/basys3.xdc:35]
CRITICAL WARNING: [Common 17-55] 'set_property' expects at least one object. [/user/didouha/homedir/E3/S2/P3/EL-3013/dmx_leds/impl/basys3.xdc:35]
Resolution: If [get_<value>] was used to populate the object, check to make sure this command returns at least one valid object.
WARNING: [Vivado 12-584] No ports matched 'sw[10]'. [/user/didouha/homedir/E3/S2/P3/EL-3013/dmx_leds/impl/basys3.xdc:36]
CRITICAL WARNING: [Common 17-55] 'set_property' expects at least one object. [/user/didouha/homedir/E3/S2/P3/EL-3013/dmx_leds/impl/basys3.xdc:36]
Resolution: If [get_<value>] was used to populate the object, check to make sure this command returns at least one valid object.
WARNING: [Vivado 12-584] No ports matched 'sw[10]'. [/user/didouha/homedir/E3/S2/P3/EL-3013/dmx_leds/impl/basys3.xdc:37]
CRITICAL WARNING: [Common 17-55] 'set_property' expects at least one object. [/user/didouha/homedir/E3/S2/P3/EL-3013/dmx_leds/impl/basys3.xdc:37]
Resolution: If [get_<value>] was used to populate the object, check to make sure this command returns at least one valid object.
WARNING: [Vivado 12-584] No ports matched 'sw[11]'. [/user/didouha/homedir/E3/S2/P3/EL-3013/dmx_leds/impl/basys3.xdc:38]
CRITICAL WARNING: [Common 17-55] 'set_property' expects at least one object. [/user/didouha/homedir/E3/S2/P3/EL-3013/dmx_leds/impl/basys3.xdc:38]
Resolution: If [get_<value>] was used to populate the object, check to make sure this command returns at least one valid object.
WARNING: [Vivado 12-584] No ports matched 'sw[11]'. [/user/didouha/homedir/E3/S2/P3/EL-3013/dmx_leds/impl/basys3.xdc:39]
CRITICAL WARNING: [Common 17-55] 'set_property' expects at least one object. [/user/didouha/homedir/E3/S2/P3/EL-3013/dmx_leds/impl/basys3.xdc:39]
Resolution: If [get_<value>] was used to populate the object, check to make sure this command returns at least one valid object.
WARNING: [Vivado 12-584] No ports matched 'sw[12]'. [/user/didouha/homedir/E3/S2/P3/EL-3013/dmx_leds/impl/basys3.xdc:40]
CRITICAL WARNING: [Common 17-55] 'set_property' expects at least one object. [/user/didouha/homedir/E3/S2/P3/EL-3013/dmx_leds/impl/basys3.xdc:40]
Resolution: If [get_<value>] was used to populate the object, check to make sure this command returns at least one valid object.
WARNING: [Vivado 12-584] No ports matched 'sw[12]'. [/user/didouha/homedir/E3/S2/P3/EL-3013/dmx_leds/impl/basys3.xdc:41]
CRITICAL WARNING: [Common 17-55] 'set_property' expects at least one object. [/user/didouha/homedir/E3/S2/P3/EL-3013/dmx_leds/impl/basys3.xdc:41]
Resolution: If [get_<value>] was used to populate the object, check to make sure this command returns at least one valid object.
WARNING: [Vivado 12-584] No ports matched 'sw[13]'. [/user/didouha/homedir/E3/S2/P3/EL-3013/dmx_leds/impl/basys3.xdc:42]
CRITICAL WARNING: [Common 17-55] 'set_property' expects at least one object. [/user/didouha/homedir/E3/S2/P3/EL-3013/dmx_leds/impl/basys3.xdc:42]
Resolution: If [get_<value>] was used to populate the object, check to make sure this command returns at least one valid object.
WARNING: [Vivado 12-584] No ports matched 'sw[13]'. [/user/didouha/homedir/E3/S2/P3/EL-3013/dmx_leds/impl/basys3.xdc:43]
CRITICAL WARNING: [Common 17-55] 'set_property' expects at least one object. [/user/didouha/homedir/E3/S2/P3/EL-3013/dmx_leds/impl/basys3.xdc:43]
Resolution: If [get_<value>] was used to populate the object, check to make sure this command returns at least one valid object.
WARNING: [Vivado 12-584] No ports matched 'sw[14]'. [/user/didouha/homedir/E3/S2/P3/EL-3013/dmx_leds/impl/basys3.xdc:44]
CRITICAL WARNING: [Common 17-55] 'set_property' expects at least one object. [/user/didouha/homedir/E3/S2/P3/EL-3013/dmx_leds/impl/basys3.xdc:44]
Resolution: If [get_<value>] was used to populate the object, check to make sure this command returns at least one valid object.
WARNING: [Vivado 12-584] No ports matched 'sw[14]'. [/user/didouha/homedir/E3/S2/P3/EL-3013/dmx_leds/impl/basys3.xdc:45]
CRITICAL WARNING: [Common 17-55] 'set_property' expects at least one object. [/user/didouha/homedir/E3/S2/P3/EL-3013/dmx_leds/impl/basys3.xdc:45]
Resolution: If [get_<value>] was used to populate the object, check to make sure this command returns at least one valid object.
WARNING: [Vivado 12-584] No ports matched 'sw[15]'. [/user/didouha/homedir/E3/S2/P3/EL-3013/dmx_leds/impl/basys3.xdc:46]
CRITICAL WARNING: [Common 17-55] 'set_property' expects at least one object. [/user/didouha/homedir/E3/S2/P3/EL-3013/dmx_leds/impl/basys3.xdc:46]
Resolution: If [get_<value>] was used to populate the object, check to make sure this command returns at least one valid object.
WARNING: [Vivado 12-584] No ports matched 'sw[15]'. [/user/didouha/homedir/E3/S2/P3/EL-3013/dmx_leds/impl/basys3.xdc:47]
CRITICAL WARNING: [Common 17-55] 'set_property' expects at least one object. [/user/didouha/homedir/E3/S2/P3/EL-3013/dmx_leds/impl/basys3.xdc:47]
Resolution: If [get_<value>] was used to populate the object, check to make sure this command returns at least one valid object.
Finished Parsing XDC File [/user/didouha/homedir/E3/S2/P3/EL-3013/dmx_leds/impl/basys3.xdc]
INFO: [Project 1-236] Implementation specific constraints were found while reading constraint file [/user/didouha/homedir/E3/S2/P3/EL-3013/dmx_leds/impl/basys3.xdc]. These constraints will be ignored for synthesis but will be used in implementation. Impacted constraints are listed in the file [.Xil/dmx_leds_propImpl.xdc].
Resolution: To avoid this warning, move constraints listed in [.Xil/dmx_leds_propImpl.xdc] to another XDC file and exclude this new file from synthesis with the used_in_synthesis property (File Properties dialog in GUI) and re-run elaboration/synthesis.
Completed Processing XDC Constraints

Netlist sorting complete. Time (s): cpu = 00:00:00 ; elapsed = 00:00:00 . Memory (MB): peak = 2655.148 ; gain = 0.000 ; free physical = 6572 ; free virtual = 19652
INFO: [Project 1-111] Unisim Transformation Summary:
No Unisim elements were transformed.

Constraint Validation Runtime : Time (s): cpu = 00:00:00 ; elapsed = 00:00:00.01 . Memory (MB): peak = 2655.148 ; gain = 0.000 ; free physical = 6570 ; free virtual = 19650
INFO: [Designutils 20-5440] No compile time benefit to using incremental synthesis; A full resynthesis will be run
INFO: [Designutils 20-4379] Flow is switching to default flow due to incremental criteria not met. If you would like to alter this behaviour and have the flow terminate instead, please set the following parameter config_implementation {autoIncr.Synth.RejectBehavior Terminate}
---------------------------------------------------------------------------------
Finished Constraint Validation : Time (s): cpu = 00:00:09 ; elapsed = 00:00:13 . Memory (MB): peak = 2655.148 ; gain = 64.031 ; free physical = 6700 ; free virtual = 19779
---------------------------------------------------------------------------------
---------------------------------------------------------------------------------
Start Loading Part and Timing Information
---------------------------------------------------------------------------------
Loading part: xc7a35tcpg236-1
---------------------------------------------------------------------------------
Finished Loading Part and Timing Information : Time (s): cpu = 00:00:09 ; elapsed = 00:00:13 . Memory (MB): peak = 2655.148 ; gain = 64.031 ; free physical = 6700 ; free virtual = 19779
---------------------------------------------------------------------------------
---------------------------------------------------------------------------------
Start Applying 'set_property' XDC Constraints
---------------------------------------------------------------------------------
---------------------------------------------------------------------------------
Finished applying 'set_property' XDC Constraints : Time (s): cpu = 00:00:09 ; elapsed = 00:00:13 . Memory (MB): peak = 2655.148 ; gain = 64.031 ; free physical = 6700 ; free virtual = 19779
---------------------------------------------------------------------------------
INFO: [Synth 8-802] inferred FSM for state register 'current_state_reg' in module 'uart_tx'
INFO: [Synth 8-802] inferred FSM for state register 'current_state_reg' in module 'dmx_leds'
---------------------------------------------------------------------------------------------------
                   State |                     New Encoding |                Previous Encoding 
---------------------------------------------------------------------------------------------------
                    idle |                              000 |                              000
                startbit |                              001 |                              001
                 databit |                              010 |                              010
                 stopbit |                              011 |                              011
                stopbit2 |                              100 |                              100
---------------------------------------------------------------------------------------------------
INFO: [Synth 8-3354] encoded FSM with state register 'current_state_reg' using encoding 'sequential' in module 'uart_tx'
---------------------------------------------------------------------------------------------------
                   State |                     New Encoding |                Previous Encoding 
---------------------------------------------------------------------------------------------------
                    idle |                          0000001 |                              000
             break_state |                          0000010 |                              001
                    mark |                          0000100 |                              010
                  start0 |                          0001000 |                              011
                  start1 |                          0010000 |                              100
                   data0 |                          0100000 |                              101
                   data1 |                          1000000 |                              110
---------------------------------------------------------------------------------------------------
INFO: [Synth 8-3354] encoded FSM with state register 'current_state_reg' using encoding 'one-hot' in module 'dmx_leds'
---------------------------------------------------------------------------------
Finished RTL Optimization Phase 2 : Time (s): cpu = 00:00:09 ; elapsed = 00:00:15 . Memory (MB): peak = 2655.148 ; gain = 64.031 ; free physical = 6692 ; free virtual = 19771
---------------------------------------------------------------------------------
---------------------------------------------------------------------------------
Start RTL Component Statistics 
---------------------------------------------------------------------------------
Detailed RTL Component Info : 
+---Adders : 
	   2 Input    9 Bit       Adders := 2     
	   2 Input    5 Bit       Adders := 1     
	   3 Input    4 Bit       Adders := 1     
	   2 Input    3 Bit       Adders := 1     
	   2 Input    2 Bit       Adders := 2     
+---Registers : 
	                9 Bit    Registers := 2     
	                8 Bit    Registers := 1     
	                3 Bit    Registers := 1     
	                2 Bit    Registers := 2     
	                1 Bit    Registers := 1     
+---Muxes : 
	   2 Input    9 Bit        Muxes := 1     
	   2 Input    8 Bit        Muxes := 3     
	   7 Input    7 Bit        Muxes := 1     
	   2 Input    7 Bit        Muxes := 1     
	   2 Input    3 Bit        Muxes := 3     
	   5 Input    3 Bit        Muxes := 1     
	   2 Input    2 Bit        Muxes := 5     
	   5 Input    2 Bit        Muxes := 3     
	   7 Input    2 Bit        Muxes := 1     
	   2 Input    1 Bit        Muxes := 11    
	   5 Input    1 Bit        Muxes := 3     
	   7 Input    1 Bit        Muxes := 5     
	   3 Input    1 Bit        Muxes := 1     
---------------------------------------------------------------------------------
Finished RTL Component Statistics 
---------------------------------------------------------------------------------
---------------------------------------------------------------------------------
Start Part Resource Summary
---------------------------------------------------------------------------------
Part Resources:
DSPs: 90 (col length:60)
BRAMs: 100 (col length: RAMB18 60 RAMB36 30)
---------------------------------------------------------------------------------
Finished Part Resource Summary
---------------------------------------------------------------------------------
---------------------------------------------------------------------------------
Start Cross Boundary and Area Optimization
---------------------------------------------------------------------------------
WARNING: [Synth 8-7080] Parallel synthesis criteria is not met
WARNING: [Synth 8-3917] design dmx_leds has port set1 driven by constant 1
WARNING: [Synth 8-7129] Port rx in module dmx_leds is either unconnected or has no load
---------------------------------------------------------------------------------
Finished Cross Boundary and Area Optimization : Time (s): cpu = 00:00:10 ; elapsed = 00:00:31 . Memory (MB): peak = 2655.148 ; gain = 64.031 ; free physical = 6688 ; free virtual = 19767
---------------------------------------------------------------------------------
---------------------------------------------------------------------------------
Start Applying XDC Timing Constraints
---------------------------------------------------------------------------------
---------------------------------------------------------------------------------
Finished Applying XDC Timing Constraints : Time (s): cpu = 00:00:13 ; elapsed = 00:00:35 . Memory (MB): peak = 2655.148 ; gain = 64.031 ; free physical = 6571 ; free virtual = 19651
---------------------------------------------------------------------------------
---------------------------------------------------------------------------------
Start Timing Optimization
---------------------------------------------------------------------------------
---------------------------------------------------------------------------------
Finished Timing Optimization : Time (s): cpu = 00:00:14 ; elapsed = 00:00:35 . Memory (MB): peak = 2655.148 ; gain = 64.031 ; free physical = 6564 ; free virtual = 19643
---------------------------------------------------------------------------------
---------------------------------------------------------------------------------
Start Technology Mapping
---------------------------------------------------------------------------------
---------------------------------------------------------------------------------
Finished Technology Mapping : Time (s): cpu = 00:00:14 ; elapsed = 00:00:35 . Memory (MB): peak = 2655.148 ; gain = 64.031 ; free physical = 6566 ; free virtual = 19646
---------------------------------------------------------------------------------
---------------------------------------------------------------------------------
Start IO Insertion
---------------------------------------------------------------------------------
---------------------------------------------------------------------------------
Start Flattening Before IO Insertion
---------------------------------------------------------------------------------
---------------------------------------------------------------------------------
Finished Flattening Before IO Insertion
---------------------------------------------------------------------------------
---------------------------------------------------------------------------------
Start Final Netlist Cleanup
---------------------------------------------------------------------------------
---------------------------------------------------------------------------------
Finished Final Netlist Cleanup
---------------------------------------------------------------------------------
---------------------------------------------------------------------------------
Finished IO Insertion : Time (s): cpu = 00:00:16 ; elapsed = 00:00:38 . Memory (MB): peak = 2655.148 ; gain = 64.031 ; free physical = 6565 ; free virtual = 19645
---------------------------------------------------------------------------------
---------------------------------------------------------------------------------
Start Renaming Generated Instances
---------------------------------------------------------------------------------
---------------------------------------------------------------------------------
Finished Renaming Generated Instances : Time (s): cpu = 00:00:16 ; elapsed = 00:00:38 . Memory (MB): peak = 2655.148 ; gain = 64.031 ; free physical = 6565 ; free virtual = 19645
---------------------------------------------------------------------------------
---------------------------------------------------------------------------------
Start Rebuilding User Hierarchy
---------------------------------------------------------------------------------
---------------------------------------------------------------------------------
Finished Rebuilding User Hierarchy : Time (s): cpu = 00:00:16 ; elapsed = 00:00:38 . Memory (MB): peak = 2655.148 ; gain = 64.031 ; free physical = 6565 ; free virtual = 19645
---------------------------------------------------------------------------------
---------------------------------------------------------------------------------
Start Renaming Generated Ports
---------------------------------------------------------------------------------
---------------------------------------------------------------------------------
Finished Renaming Generated Ports : Time (s): cpu = 00:00:16 ; elapsed = 00:00:38 . Memory (MB): peak = 2655.148 ; gain = 64.031 ; free physical = 6565 ; free virtual = 19645
---------------------------------------------------------------------------------
---------------------------------------------------------------------------------
Start Handling Custom Attributes
---------------------------------------------------------------------------------
---------------------------------------------------------------------------------
Finished Handling Custom Attributes : Time (s): cpu = 00:00:16 ; elapsed = 00:00:38 . Memory (MB): peak = 2655.148 ; gain = 64.031 ; free physical = 6565 ; free virtual = 19645
---------------------------------------------------------------------------------
---------------------------------------------------------------------------------
Start Renaming Generated Nets
---------------------------------------------------------------------------------
---------------------------------------------------------------------------------
Finished Renaming Generated Nets : Time (s): cpu = 00:00:16 ; elapsed = 00:00:38 . Memory (MB): peak = 2655.148 ; gain = 64.031 ; free physical = 6565 ; free virtual = 19645
---------------------------------------------------------------------------------
---------------------------------------------------------------------------------
Start Writing Synthesis Report
---------------------------------------------------------------------------------

Report BlackBoxes: 
+-+--------------+----------+
| |BlackBox name |Instances |
+-+--------------+----------+
+-+--------------+----------+

Report Cell Usage: 
+------+-------+------+
|      |Cell   |Count |
+------+-------+------+
|1     |BUFG   |     1|
|2     |CARRY4 |    12|
|3     |LUT1   |     1|
|4     |LUT2   |    10|
|5     |LUT3   |    10|
|6     |LUT4   |    42|
|7     |LUT5   |    23|
|8     |LUT6   |    39|
|9     |FDCE   |    83|
|10    |FDPE   |     2|
|11    |IBUF   |     3|
|12    |OBUF   |     3|
+------+-------+------+
---------------------------------------------------------------------------------
Finished Writing Synthesis Report : Time (s): cpu = 00:00:16 ; elapsed = 00:00:38 . Memory (MB): peak = 2655.148 ; gain = 64.031 ; free physical = 6565 ; free virtual = 19645
---------------------------------------------------------------------------------
Synthesis finished with 0 errors, 0 critical warnings and 3 warnings.
Synthesis Optimization Runtime : Time (s): cpu = 00:00:15 ; elapsed = 00:00:36 . Memory (MB): peak = 2655.148 ; gain = 0.000 ; free physical = 6613 ; free virtual = 19693
Synthesis Optimization Complete : Time (s): cpu = 00:00:16 ; elapsed = 00:00:38 . Memory (MB): peak = 2655.148 ; gain = 64.031 ; free physical = 6615 ; free virtual = 19695
INFO: [Project 1-571] Translating synthesized netlist
Netlist sorting complete. Time (s): cpu = 00:00:00 ; elapsed = 00:00:00 . Memory (MB): peak = 2655.148 ; gain = 0.000 ; free physical = 6711 ; free virtual = 19791
INFO: [Netlist 29-17] Analyzing 12 Unisim elements for replacement
INFO: [Netlist 29-28] Unisim Transformation completed in 0 CPU seconds
INFO: [Project 1-570] Preparing netlist for logic optimization
INFO: [Opt 31-138] Pushed 0 inverter(s) to 0 load pin(s).
Netlist sorting complete. Time (s): cpu = 00:00:00 ; elapsed = 00:00:00 . Memory (MB): peak = 2655.148 ; gain = 0.000 ; free physical = 6656 ; free virtual = 19735
INFO: [Project 1-111] Unisim Transformation Summary:
No Unisim elements were transformed.

Synth Design complete, checksum: 781c87c1
INFO: [Common 17-83] Releasing license: Synthesis
31 Infos, 39 Warnings, 32 Critical Warnings and 0 Errors encountered.
synth_design completed successfully
synth_design: Time (s): cpu = 00:00:24 ; elapsed = 00:00:58 . Memory (MB): peak = 2655.148 ; gain = 64.238 ; free physical = 6744 ; free virtual = 19824
INFO: [runtcl-6] Synthesis results are not added to the cache due to CRITICAL_WARNING
INFO: [Common 17-1381] The checkpoint '/user/didouha/homedir/E3/S2/P3/EL-3013/dmx_leds/impl/project_1/project_1.runs/synth_1/dmx_leds.dcp' has been generated.
write_checkpoint: Time (s): cpu = 00:00:00.3 ; elapsed = 00:00:09 . Memory (MB): peak = 2703.172 ; gain = 48.023 ; free physical = 6735 ; free virtual = 19814
INFO: [runtcl-4] Executing : report_utilization -file dmx_leds_utilization_synth.rpt -pb dmx_leds_utilization_synth.pb
INFO: [Common 17-206] Exiting Vivado at Tue Apr 18 09:25:25 2023...
